<?xml version="1.0" encoding="UTF-8"?>
<!-- Generated by org.testng.reporters.JUnitReportReporter -->
<testsuite hostname="Chaitu-PC" name="testcases.Batch_2m.Org_struct" tests="3" failures="0" timestamp="14 Mar 2018 09:43:21 GMT" time="9.912" errors="0">
  <testcase name="tu_024" time="2.526" classname="testcases.Batch_2m.Org_struct"/>
  <testcase name="tu_026" time="3.711" classname="testcases.Batch_2m.Org_struct"/>
  <testcase name="tu_025" time="3.675" classname="testcases.Batch_2m.Org_struct"/>
</testsuite> <!-- testcases.Batch_2m.Org_struct -->
