<?xml version="1.0" encoding="UTF-8"?>
<!-- Generated by org.testng.reporters.JUnitReportReporter -->
<testsuite hostname="Chaitu-PC" name="testcases.Batch_2m.Admin_PayGrades" tests="18" failures="0" timestamp="22 Feb 2018 13:45:07 GMT" time="85.618" errors="0">
  <testcase name="tu_016" time="5.797" classname="testcases.Batch_2m.Admin_PayGrades"/>
  <testcase name="tu_015" time="2.634" classname="testcases.Batch_2m.Admin_PayGrades"/>
  <testcase name="tu_016" time="4.758" classname="testcases.Batch_2m.Admin_PayGrades"/>
  <testcase name="tu_016" time="5.368" classname="testcases.Batch_2m.Admin_PayGrades"/>
  <testcase name="tu_016" time="5.023" classname="testcases.Batch_2m.Admin_PayGrades"/>
  <testcase name="tu_014" time="2.652" classname="testcases.Batch_2m.Admin_PayGrades"/>
  <testcase name="tu_016" time="5.137" classname="testcases.Batch_2m.Admin_PayGrades"/>
  <testcase name="tu_016" time="5.367" classname="testcases.Batch_2m.Admin_PayGrades"/>
  <testcase name="tu_018" time="5.756" classname="testcases.Batch_2m.Admin_PayGrades"/>
  <testcase name="tu_015" time="2.715" classname="testcases.Batch_2m.Admin_PayGrades"/>
  <testcase name="tu_014" time="1.614" classname="testcases.Batch_2m.Admin_PayGrades"/>
  <testcase name="tu_016" time="4.790" classname="testcases.Batch_2m.Admin_PayGrades"/>
  <testcase name="tu_018" time="3.194" classname="testcases.Batch_2m.Admin_PayGrades"/>
  <testcase name="tu_017" time="7.708" classname="testcases.Batch_2m.Admin_PayGrades"/>
  <testcase name="tu_016" time="4.558" classname="testcases.Batch_2m.Admin_PayGrades"/>
  <testcase name="tu_017" time="8.028" classname="testcases.Batch_2m.Admin_PayGrades"/>
  <testcase name="tu_016" time="5.354" classname="testcases.Batch_2m.Admin_PayGrades"/>
  <testcase name="tu_016" time="5.165" classname="testcases.Batch_2m.Admin_PayGrades"/>
</testsuite> <!-- testcases.Batch_2m.Admin_PayGrades -->
