<?xml version="1.0" encoding="UTF-8"?>
<!-- Generated by org.testng.reporters.JUnitReportReporter -->
<testsuite hostname="Chaitu-PC" name="testcases.Batch_2m.Nationality" tests="3" failures="0" timestamp="3 Mar 2018 07:14:48 GMT" time="13.377" errors="0">
  <testcase name="tu_028" time="5.402" classname="testcases.Batch_2m.Nationality"/>
  <testcase name="tu_027" time="2.515" classname="testcases.Batch_2m.Nationality"/>
  <testcase name="tu_029" time="5.460" classname="testcases.Batch_2m.Nationality"/>
</testsuite> <!-- testcases.Batch_2m.Nationality -->
