<?xml version="1.0" encoding="UTF-8"?>
<!-- Generated by org.testng.reporters.JUnitReportReporter -->
<testsuite hostname="Chaitu-PC" name="testcases.Batch_2m.Admin_job" tests="8" failures="0" timestamp="22 Feb 2018 13:45:07 GMT" time="32.515" errors="0">
  <testcase name="tu_012" time="2.461" classname="testcases.Batch_2m.Admin_job"/>
  <testcase name="tu_011" time="6.583" classname="testcases.Batch_2m.Admin_job"/>
  <testcase name="tu_010" time="2.606" classname="testcases.Batch_2m.Admin_job"/>
  <testcase name="tu_013" time="5.897" classname="testcases.Batch_2m.Admin_job"/>
  <testcase name="tu_013" time="2.988" classname="testcases.Batch_2m.Admin_job"/>
  <testcase name="tu_010" time="1.476" classname="testcases.Batch_2m.Admin_job"/>
  <testcase name="tu_011" time="7.741" classname="testcases.Batch_2m.Admin_job"/>
  <testcase name="tu_012" time="2.763" classname="testcases.Batch_2m.Admin_job"/>
</testsuite> <!-- testcases.Batch_2m.Admin_job -->
