<?xml version="1.0" encoding="UTF-8"?>
<!-- Generated by org.testng.reporters.JUnitReportReporter -->
<testsuite hostname="Chaitu-PC" name="testcases.Batch_2m.Admin" tests="10" failures="0" timestamp="22 Feb 2018 13:45:07 GMT" time="55.577" errors="0">
  <testcase name="tu_006" time="1.653" classname="testcases.Batch_2m.Admin"/>
  <testcase name="tu_005" time="1.276" classname="testcases.Batch_2m.Admin"/>
  <testcase name="tu_006" time="1.615" classname="testcases.Batch_2m.Admin"/>
  <testcase name="tu_009" time="1.669" classname="testcases.Batch_2m.Admin"/>
  <testcase name="tu_007" time="19.313" classname="testcases.Batch_2m.Admin"/>
  <testcase name="tu_007" time="11.501" classname="testcases.Batch_2m.Admin"/>
  <testcase name="tu_008" time="4.646" classname="testcases.Batch_2m.Admin"/>
  <testcase name="tu_005" time="3.432" classname="testcases.Batch_2m.Admin"/>
  <testcase name="tu_008" time="8.223" classname="testcases.Batch_2m.Admin"/>
  <testcase name="tu_009" time="2.249" classname="testcases.Batch_2m.Admin"/>
</testsuite> <!-- testcases.Batch_2m.Admin -->
