<?xml version="1.0" encoding="UTF-8"?>
<!-- Generated by org.testng.reporters.JUnitReportReporter -->
<testsuite hostname="Chaitu-PC" name="testcases.Batch_2m.Org_Gen_Info" tests="2" failures="0" timestamp="22 Feb 2018 14:18:26 GMT" time="4.604" errors="0">
  <testcase name="tu_022" time="2.287" classname="testcases.Batch_2m.Org_Gen_Info"/>
  <testcase name="tu_023" time="2.317" classname="testcases.Batch_2m.Org_Gen_Info"/>
</testsuite> <!-- testcases.Batch_2m.Org_Gen_Info -->
