<?xml version="1.0" encoding="UTF-8"?>
<!-- Generated by org.testng.reporters.JUnitReportReporter -->
<testsuite hostname="Chaitu-PC" name="testcases.Batch_2m.Employee_Class" tests="6" failures="0" timestamp="22 Feb 2018 13:45:07 GMT" time="27.567" errors="0">
  <testcase name="tu_020" time="6.407" classname="testcases.Batch_2m.Employee_Class"/>
  <testcase name="tu_019" time="2.701" classname="testcases.Batch_2m.Employee_Class"/>
  <testcase name="tu_020" time="5.335" classname="testcases.Batch_2m.Employee_Class"/>
  <testcase name="tu_021" time="7.052" classname="testcases.Batch_2m.Employee_Class"/>
  <testcase name="tu_021" time="4.499" classname="testcases.Batch_2m.Employee_Class"/>
  <testcase name="tu_019" time="1.573" classname="testcases.Batch_2m.Employee_Class"/>
</testsuite> <!-- testcases.Batch_2m.Employee_Class -->
