<?xml version="1.0" encoding="UTF-8"?>
<!-- Generated by org.testng.reporters.JUnitReportReporter -->
<testsuite hostname="Chaitu-PC" name="testcases.Batch_2m.Nationality" tests="6" failures="0" timestamp="10 Apr 2018 05:29:17 GMT" time="20.859" errors="0">
  <testcase name="tu_027" time="2.277" classname="testcases.Batch_2m.Nationality"/>
  <testcase name="tu_028" time="4.530" classname="testcases.Batch_2m.Nationality"/>
  <testcase name="tu_028" time="4.244" classname="testcases.Batch_2m.Nationality"/>
  <testcase name="tu_029" time="4.477" classname="testcases.Batch_2m.Nationality"/>
  <testcase name="tu_027" time="1.411" classname="testcases.Batch_2m.Nationality"/>
  <testcase name="tu_029" time="3.920" classname="testcases.Batch_2m.Nationality"/>
</testsuite> <!-- testcases.Batch_2m.Nationality -->
