<?xml version="1.0" encoding="UTF-8"?>
<!-- Generated by org.testng.reporters.JUnitReportReporter -->
<testsuite hostname="Chaitu-PC" name="testcases.Batch_2m.Admin_job" tests="8" failures="0" timestamp="10 Apr 2018 05:29:17 GMT" time="26.217" errors="0">
  <testcase name="tu_013" time="5.788" classname="testcases.Batch_2m.Admin_job"/>
  <testcase name="tu_012" time="1.716" classname="testcases.Batch_2m.Admin_job"/>
  <testcase name="tu_010" time="1.291" classname="testcases.Batch_2m.Admin_job"/>
  <testcase name="tu_013" time="2.346" classname="testcases.Batch_2m.Admin_job"/>
  <testcase name="tu_011" time="5.257" classname="testcases.Batch_2m.Admin_job"/>
  <testcase name="tu_011" time="5.760" classname="testcases.Batch_2m.Admin_job"/>
  <testcase name="tu_012" time="1.750" classname="testcases.Batch_2m.Admin_job"/>
  <testcase name="tu_010" time="2.309" classname="testcases.Batch_2m.Admin_job"/>
</testsuite> <!-- testcases.Batch_2m.Admin_job -->
