<?xml version="1.0" encoding="UTF-8"?>
<!-- Generated by org.testng.reporters.JUnitReportReporter -->
<testsuite hostname="Chaitu-PC" name="testcases.Batch_2m.Org_Gen_Info" tests="4" failures="0" timestamp="10 Apr 2018 05:29:17 GMT" time="7.798" errors="0">
  <testcase name="tu_023" time="2.278" classname="testcases.Batch_2m.Org_Gen_Info"/>
  <testcase name="tu_022" time="1.358" classname="testcases.Batch_2m.Org_Gen_Info"/>
  <testcase name="tu_022" time="2.542" classname="testcases.Batch_2m.Org_Gen_Info"/>
  <testcase name="tu_023" time="1.620" classname="testcases.Batch_2m.Org_Gen_Info"/>
</testsuite> <!-- testcases.Batch_2m.Org_Gen_Info -->
