<?xml version="1.0" encoding="UTF-8"?>
<!-- Generated by org.testng.reporters.JUnitReportReporter -->
<testsuite hostname="Chaitu-PC" name="testcases.Batch_2m.Employee_Class" tests="6" failures="0" timestamp="10 Apr 2018 05:29:17 GMT" time="31.757" errors="0">
  <testcase name="tu_021" time="14.383" classname="testcases.Batch_2m.Employee_Class"/>
  <testcase name="tu_019" time="4.727" classname="testcases.Batch_2m.Employee_Class"/>
  <testcase name="tu_021" time="2.492" classname="testcases.Batch_2m.Employee_Class"/>
  <testcase name="tu_019" time="1.244" classname="testcases.Batch_2m.Employee_Class"/>
  <testcase name="tu_020" time="4.493" classname="testcases.Batch_2m.Employee_Class"/>
  <testcase name="tu_020" time="4.418" classname="testcases.Batch_2m.Employee_Class"/>
</testsuite> <!-- testcases.Batch_2m.Employee_Class -->
