<?xml version="1.0" encoding="UTF-8"?>
<!-- Generated by org.testng.reporters.JUnitReportReporter -->
<testsuite hostname="Chaitu-PC" name="testcases.Batch_2m.Admin" tests="10" failures="0" timestamp="10 Apr 2018 05:29:17 GMT" time="71.585" errors="0">
  <testcase name="tu_005" time="1.006" classname="testcases.Batch_2m.Admin"/>
  <testcase name="tu_005" time="0.843" classname="testcases.Batch_2m.Admin"/>
  <testcase name="tu_006" time="1.170" classname="testcases.Batch_2m.Admin"/>
  <testcase name="tu_009" time="1.014" classname="testcases.Batch_2m.Admin"/>
  <testcase name="tu_007" time="3.494" classname="testcases.Batch_2m.Admin"/>
  <testcase name="tu_008" time="4.420" classname="testcases.Batch_2m.Admin"/>
  <testcase name="tu_007" time="3.430" classname="testcases.Batch_2m.Admin"/>
  <testcase name="tu_008" time="11.045" classname="testcases.Batch_2m.Admin"/>
  <testcase name="tu_009" time="43.423" classname="testcases.Batch_2m.Admin"/>
  <testcase name="tu_006" time="1.740" classname="testcases.Batch_2m.Admin"/>
</testsuite> <!-- testcases.Batch_2m.Admin -->
