<?xml version="1.0" encoding="UTF-8"?>
<!-- Generated by org.testng.reporters.JUnitReportReporter -->
<testsuite hostname="Chaitu-PC" name="testcases.Batch_2m.Admin_PayGrades" tests="18" failures="0" timestamp="10 Apr 2018 05:29:17 GMT" time="69.235" errors="0">
  <testcase name="tu_018" time="2.698" classname="testcases.Batch_2m.Admin_PayGrades"/>
  <testcase name="tu_016" time="3.759" classname="testcases.Batch_2m.Admin_PayGrades"/>
  <testcase name="tu_016" time="3.572" classname="testcases.Batch_2m.Admin_PayGrades"/>
  <testcase name="tu_016" time="3.667" classname="testcases.Batch_2m.Admin_PayGrades"/>
  <testcase name="tu_018" time="8.330" classname="testcases.Batch_2m.Admin_PayGrades"/>
  <testcase name="tu_014" time="2.652" classname="testcases.Batch_2m.Admin_PayGrades"/>
  <testcase name="tu_016" time="3.401" classname="testcases.Batch_2m.Admin_PayGrades"/>
  <testcase name="tu_016" time="3.558" classname="testcases.Batch_2m.Admin_PayGrades"/>
  <testcase name="tu_016" time="3.547" classname="testcases.Batch_2m.Admin_PayGrades"/>
  <testcase name="tu_016" time="3.947" classname="testcases.Batch_2m.Admin_PayGrades"/>
  <testcase name="tu_017" time="5.894" classname="testcases.Batch_2m.Admin_PayGrades"/>
  <testcase name="tu_017" time="5.803" classname="testcases.Batch_2m.Admin_PayGrades"/>
  <testcase name="tu_015" time="3.166" classname="testcases.Batch_2m.Admin_PayGrades"/>
  <testcase name="tu_016" time="4.165" classname="testcases.Batch_2m.Admin_PayGrades"/>
  <testcase name="tu_014" time="1.611" classname="testcases.Batch_2m.Admin_PayGrades"/>
  <testcase name="tu_016" time="4.082" classname="testcases.Batch_2m.Admin_PayGrades"/>
  <testcase name="tu_016" time="3.495" classname="testcases.Batch_2m.Admin_PayGrades"/>
  <testcase name="tu_015" time="1.888" classname="testcases.Batch_2m.Admin_PayGrades"/>
</testsuite> <!-- testcases.Batch_2m.Admin_PayGrades -->
