<?xml version="1.0" encoding="UTF-8"?>
<!-- Generated by org.testng.reporters.JUnitReportReporter -->
<testsuite hostname="Chaitu-PC" name="testcases.Batch_2m.Login" tests="14" failures="0" timestamp="10 Apr 2018 05:29:17 GMT" time="250.998" errors="0">
  <testcase name="tu_004" time="18.227" classname="testcases.Batch_2m.Login"/>
  <testcase name="tu_004" time="12.678" classname="testcases.Batch_2m.Login"/>
  <testcase name="tu_002" time="10.466" classname="testcases.Batch_2m.Login"/>
  <testcase name="tu_004" time="9.421" classname="testcases.Batch_2m.Login"/>
  <testcase name="tu_004" time="10.444" classname="testcases.Batch_2m.Login"/>
  <testcase name="tu_004" time="16.992" classname="testcases.Batch_2m.Login"/>
  <testcase name="tu_002" time="8.686" classname="testcases.Batch_2m.Login"/>
  <testcase name="tu_004" time="13.286" classname="testcases.Batch_2m.Login"/>
  <testcase name="tu_004" time="12.768" classname="testcases.Batch_2m.Login"/>
  <testcase name="tu_001" time="30.534" classname="testcases.Batch_2m.Login"/>
  <testcase name="tu_003" time="68.420" classname="testcases.Batch_2m.Login"/>
  <testcase name="tu_003" time="16.494" classname="testcases.Batch_2m.Login"/>
  <testcase name="tu_004" time="13.656" classname="testcases.Batch_2m.Login"/>
  <testcase name="tu_001" time="8.926" classname="testcases.Batch_2m.Login"/>
</testsuite> <!-- testcases.Batch_2m.Login -->
